Sun Mar 17 16:05:30 PST 2024 : Apache Derby Network Server - 10.14.2.0 - (1828579) started and ready to accept connections on port 1527
Sun Mar 17 16:05:30 PST 2024 : Apache Derby Network Server - 10.14.2.0 - (1828579) started and ready to accept connections on port 1527
Sun Mar 17 16:05:31 PST 2024 : Could not listen on port 1527 on host 172.31.176.1:
 java.net.BindException: Address already in use: bind
An exception was thrown during network server startup. DRDA_ListenPort.S:Could not listen on port 1527 on host 172.31.176.1:
 java.net.BindException: Address already in use: bind
java.lang.reflect.InvocationTargetException
	at java.base/jdk.internal.reflect.NativeMethodAccessorImpl.invoke0(Native Method)
	at java.base/jdk.internal.reflect.NativeMethodAccessorImpl.invoke(NativeMethodAccessorImpl.java:77)
	at java.base/jdk.internal.reflect.DelegatingMethodAccessorImpl.invoke(DelegatingMethodAccessorImpl.java:43)
	at java.base/java.lang.reflect.Method.invoke(Method.java:568)
	at org.apache.derby.iapi.jdbc.DRDAServerStarter.run(Unknown Source)
	at java.base/java.lang.Thread.run(Thread.java:833)
Caused by: java.lang.Exception: DRDA_ListenPort.S:Could not listen on port 1527 on host 172.31.176.1:
 java.net.BindException: Address already in use: bind
	at org.apache.derby.impl.drda.NetworkServerControlImpl.consolePropertyMessageWork(Unknown Source)
	at org.apache.derby.impl.drda.NetworkServerControlImpl.consolePropertyMessage(Unknown Source)
	at org.apache.derby.impl.drda.NetworkServerControlImpl.blockingStart(Unknown Source)
	... 6 more
----------------------------------------------------------------
Sun Mar 17 16:05:31 PST 2024:
Booting Derby version The Apache Software Foundation - Apache Derby - 10.14.2.0 - (1828579): instance a816c00e-018e-4b71-c123-000005ff2200 
on database directory \\Desktop-se78p1e\tatadb\TM_DB with class loader jdk.internal.loader.ClassLoaders$AppClassLoader@5acf9800 
Loaded from file:/C:/Users/Joshua%20i3/Documents/Java%20files/db-derby-10.14.2.0-bin/lib/derby.jar
java.vendor=Oracle Corporation
java.runtime.version=17.0.8+9-LTS-211
user.dir=C:\Users\Joshua i3\Documents\NetBeansProjects\V1_TM_ProjectManagement
os.name=Windows 10
os.arch=amd64
os.version=10.0
derby.system.home=null
Database Class Loader started - derby.database.classpath=''
Sun Mar 17 16:05:36 PST 2024 : Could not listen on port 1527 on host 172.31.176.1:
 java.net.BindException: Address already in use: bind
An exception was thrown during network server startup. DRDA_ListenPort.S:Could not listen on port 1527 on host 172.31.176.1:
 java.net.BindException: Address already in use: bind
java.lang.reflect.InvocationTargetException
	at java.base/jdk.internal.reflect.NativeMethodAccessorImpl.invoke0(Native Method)
	at java.base/jdk.internal.reflect.NativeMethodAccessorImpl.invoke(NativeMethodAccessorImpl.java:77)
	at java.base/jdk.internal.reflect.DelegatingMethodAccessorImpl.invoke(DelegatingMethodAccessorImpl.java:43)
	at java.base/java.lang.reflect.Method.invoke(Method.java:568)
	at org.apache.derby.iapi.jdbc.DRDAServerStarter.run(Unknown Source)
	at java.base/java.lang.Thread.run(Thread.java:833)
Caused by: java.lang.Exception: DRDA_ListenPort.S:Could not listen on port 1527 on host 172.31.176.1:
 java.net.BindException: Address already in use: bind
	at org.apache.derby.impl.drda.NetworkServerControlImpl.consolePropertyMessageWork(Unknown Source)
	at org.apache.derby.impl.drda.NetworkServerControlImpl.consolePropertyMessage(Unknown Source)
	at org.apache.derby.impl.drda.NetworkServerControlImpl.blockingStart(Unknown Source)
	... 6 more
Sun Mar 17 16:05:38 PST 2024 : Could not listen on port 1527 on host 172.31.176.1:
 java.net.BindException: Address already in use: bind
An exception was thrown during network server startup. DRDA_ListenPort.S:Could not listen on port 1527 on host 172.31.176.1:
 java.net.BindException: Address already in use: bind
java.lang.reflect.InvocationTargetException
	at java.base/jdk.internal.reflect.NativeMethodAccessorImpl.invoke0(Native Method)
	at java.base/jdk.internal.reflect.NativeMethodAccessorImpl.invoke(NativeMethodAccessorImpl.java:77)
	at java.base/jdk.internal.reflect.DelegatingMethodAccessorImpl.invoke(DelegatingMethodAccessorImpl.java:43)
	at java.base/java.lang.reflect.Method.invoke(Method.java:568)
	at org.apache.derby.iapi.jdbc.DRDAServerStarter.run(Unknown Source)
	at java.base/java.lang.Thread.run(Thread.java:833)
Caused by: java.lang.Exception: DRDA_ListenPort.S:Could not listen on port 1527 on host 172.31.176.1:
 java.net.BindException: Address already in use: bind
	at org.apache.derby.impl.drda.NetworkServerControlImpl.consolePropertyMessageWork(Unknown Source)
	at org.apache.derby.impl.drda.NetworkServerControlImpl.consolePropertyMessage(Unknown Source)
	at org.apache.derby.impl.drda.NetworkServerControlImpl.blockingStart(Unknown Source)
	... 6 more
Sun Mar 17 16:05:38 PST 2024 : Could not listen on port 1527 on host 172.31.176.1:
 java.net.BindException: Address already in use: bind
An exception was thrown during network server startup. DRDA_ListenPort.S:Could not listen on port 1527 on host 172.31.176.1:
 java.net.BindException: Address already in use: bind
java.lang.reflect.InvocationTargetException
	at java.base/jdk.internal.reflect.NativeMethodAccessorImpl.invoke0(Native Method)
	at java.base/jdk.internal.reflect.NativeMethodAccessorImpl.invoke(NativeMethodAccessorImpl.java:77)
	at java.base/jdk.internal.reflect.DelegatingMethodAccessorImpl.invoke(DelegatingMethodAccessorImpl.java:43)
	at java.base/java.lang.reflect.Method.invoke(Method.java:568)
	at org.apache.derby.iapi.jdbc.DRDAServerStarter.run(Unknown Source)
	at java.base/java.lang.Thread.run(Thread.java:833)
Caused by: java.lang.Exception: DRDA_ListenPort.S:Could not listen on port 1527 on host 172.31.176.1:
 java.net.BindException: Address already in use: bind
	at org.apache.derby.impl.drda.NetworkServerControlImpl.consolePropertyMessageWork(Unknown Source)
	at org.apache.derby.impl.drda.NetworkServerControlImpl.consolePropertyMessage(Unknown Source)
	at org.apache.derby.impl.drda.NetworkServerControlImpl.blockingStart(Unknown Source)
	... 6 more
